This is pdfTeX, Version 3.141592653-2.6-1.40.25 (TeX Live 2023) (preloaded format=pdflatex 2023.7.12)  7 SEP 2024 20:17
entering extended mode
 restricted \write18 enabled.
 file:line:error style messages enabled.
 %&-line parsing enabled.
**/Users/dengkai/workspace/ucc/course/ucc/dissertation/Gan/kai/latex/Thesis.tex
(/Users/dengkai/workspace/ucc/course/ucc/dissertation/Gan/kai/latex/Thesis.tex
LaTeX2e <2022-11-01> patch level 1
L3 programming layer <2023-02-22> (/usr/local/texlive/2023/texmf-dist/tex/latex/base/report.cls
Document Class: report 2022/07/02 v1.4n Standard LaTeX document class
(/usr/local/texlive/2023/texmf-dist/tex/latex/base/size12.clo
File: size12.clo 2022/07/02 v1.4n Standard LaTeX file (size option)
)
\c@part=\count185
\c@chapter=\count186
\c@section=\count187
\c@subsection=\count188
\c@subsubsection=\count189
\c@paragraph=\count190
\c@subparagraph=\count191
\c@figure=\count192
\c@table=\count193
\abovecaptionskip=\skip48
\belowcaptionskip=\skip49
\bibindent=\dimen140
) (/usr/local/texlive/2023/texmf-dist/tex/latex/url/url.sty
\Urlmuskip=\muskip16
Package: url 2013/09/16  ver 3.4  Verb mode for urls, etc.
) (/usr/local/texlive/2023/texmf-dist/tex/latex/graphics/lscape.sty
Package: lscape 2020/05/28 v3.02 Landscape Pages (DPC)
 (/usr/local/texlive/2023/texmf-dist/tex/latex/graphics/graphics.sty
Package: graphics 2022/03/10 v1.4e Standard LaTeX Graphics (DPC,SPQR)
 (/usr/local/texlive/2023/texmf-dist/tex/latex/graphics/trig.sty
Package: trig 2021/08/11 v1.11 sin cos tan (DPC)
) (/usr/local/texlive/2023/texmf-dist/tex/latex/graphics-cfg/graphics.cfg
File: graphics.cfg 2016/06/04 v1.11 sample graphics configuration
)
Package graphics Info: Driver file: pdftex.def on input line 107.
 (/usr/local/texlive/2023/texmf-dist/tex/latex/graphics-def/pdftex.def
File: pdftex.def 2022/09/22 v1.2b Graphics/color driver for pdftex
))) (/usr/local/texlive/2023/texmf-dist/tex/latex/graphics/graphicx.sty
Package: graphicx 2021/09/16 v1.2d Enhanced LaTeX Graphics (DPC,SPQR)
 (/usr/local/texlive/2023/texmf-dist/tex/latex/graphics/keyval.sty
Package: keyval 2022/05/29 v1.15 key=value parser (DPC)
\KV@toks@=\toks16
)
\Gin@req@height=\dimen141
\Gin@req@width=\dimen142
) (/usr/local/texlive/2023/texmf-dist/tex/latex/pdfpages/pdfpages.sty
Package: pdfpages 2022/12/19 v0.5x Insert pages of external PDF documents (AM)
 (/usr/local/texlive/2023/texmf-dist/tex/latex/base/ifthen.sty
Package: ifthen 2022/04/13 v1.1d Standard LaTeX ifthen package (DPC)
) (/usr/local/texlive/2023/texmf-dist/tex/latex/tools/calc.sty
Package: calc 2017/05/25 v4.3 Infix arithmetic (KKT,FJ)
\calc@Acount=\count194
\calc@Bcount=\count195
\calc@Adimen=\dimen143
\calc@Bdimen=\dimen144
\calc@Askip=\skip50
\calc@Bskip=\skip51
LaTeX Info: Redefining \setlength on input line 80.
LaTeX Info: Redefining \addtolength on input line 81.
\calc@Ccount=\count196
\calc@Cskip=\skip52
) (/usr/local/texlive/2023/texmf-dist/tex/latex/eso-pic/eso-pic.sty
Package: eso-pic 2020/10/14 v3.0a eso-pic (RN)
\ESO@tempdima=\dimen145
\ESO@tempdimb=\dimen146
 (/usr/local/texlive/2023/texmf-dist/tex/latex/xcolor/xcolor.sty
Package: xcolor 2022/06/12 v2.14 LaTeX color extensions (UK)
 (/usr/local/texlive/2023/texmf-dist/tex/latex/graphics-cfg/color.cfg
File: color.cfg 2016/01/02 v1.6 sample color configuration
)
Package xcolor Info: Driver file: pdftex.def on input line 227.
 (/usr/local/texlive/2023/texmf-dist/tex/latex/graphics/mathcolor.ltx)
Package xcolor Info: Model `cmy' substituted by `cmy0' on input line 1353.
Package xcolor Info: Model `hsb' substituted by `rgb' on input line 1357.
Package xcolor Info: Model `RGB' extended on input line 1369.
Package xcolor Info: Model `HTML' substituted by `rgb' on input line 1371.
Package xcolor Info: Model `Hsb' substituted by `hsb' on input line 1372.
Package xcolor Info: Model `tHsb' substituted by `hsb' on input line 1373.
Package xcolor Info: Model `HSB' substituted by `hsb' on input line 1374.
Package xcolor Info: Model `Gray' substituted by `gray' on input line 1375.
Package xcolor Info: Model `wave' substituted by `hsb' on input line 1376.
))
\AM@pagewidth=\dimen147
\AM@pageheight=\dimen148
\AM@fboxrule=\dimen149
 (/usr/local/texlive/2023/texmf-dist/tex/latex/pdfpages/pppdftex.def
File: pppdftex.def 2022/12/19 v0.5x Pdfpages driver for pdfTeX (AM)
)
\pdfpages@includegraphics@status=\count197
\AM@pagebox=\box51
\AM@global@opts=\toks17
\AM@pagecnt=\count198
\AM@toc@title=\toks18
\AM@lof@heading=\toks19
\c@AM@survey=\count199
\AM@templatesizebox=\box52
) (/usr/local/texlive/2023/texmf-dist/tex/latex/listings/listings.sty
\lst@mode=\count266
\lst@gtempboxa=\box53
\lst@token=\toks20
\lst@length=\count267
\lst@currlwidth=\dimen150
\lst@column=\count268
\lst@pos=\count269
\lst@lostspace=\dimen151
\lst@width=\dimen152
\lst@newlines=\count270
\lst@lineno=\count271
\lst@maxwidth=\dimen153
 (/usr/local/texlive/2023/texmf-dist/tex/latex/listings/lstmisc.sty
File: lstmisc.sty 2023/02/27 1.9 (Carsten Heinz)
\c@lstnumber=\count272
\lst@skipnumbers=\count273
\lst@framebox=\box54
) (/usr/local/texlive/2023/texmf-dist/tex/latex/listings/listings.cfg
File: listings.cfg 2023/02/27 1.9 listings configuration
))
Package: listings 2023/02/27 1.9 (Carsten Heinz)
 (/usr/local/texlive/2023/texmf-dist/tex/latex/setspace/setspace.sty
Package: setspace 2022/12/04 v6.7b set line spacing
) (/usr/local/texlive/2023/texmf-dist/tex/latex/natbib/natbib.sty
Package: natbib 2010/09/13 8.31b (PWD, AO)
\bibhang=\skip53
\bibsep=\skip54
LaTeX Info: Redefining \cite on input line 694.
\c@NAT@ctr=\count274
) (/usr/local/texlive/2023/texmf-dist/tex/latex/amsfonts/amsfonts.sty
Package: amsfonts 2013/01/14 v3.01 Basic AMSFonts support
\@emptytoks=\toks21
\symAMSa=\mathgroup4
\symAMSb=\mathgroup5
LaTeX Font Info:    Redeclaring math symbol \hbar on input line 98.
LaTeX Font Info:    Overwriting math alphabet `\mathfrak' in version `bold'
(Font)                  U/euf/m/n --> U/euf/b/n on input line 106.
) (/usr/local/texlive/2023/texmf-dist/tex/latex/float/float.sty
Package: float 2001/11/08 v1.3d Float enhancements (AL)
\c@float@type=\count275
\float@exts=\toks22
\float@box=\box55
\@float@everytoks=\toks23
\@floatcapt=\box56
) (/usr/local/texlive/2023/texmf-dist/tex/latex/hyperref/hyperref.sty
Package: hyperref 2023-02-07 v7.00v Hypertext links for LaTeX
 (/usr/local/texlive/2023/texmf-dist/tex/generic/ltxcmds/ltxcmds.sty
Package: ltxcmds 2020-05-10 v1.25 LaTeX kernel commands for general use (HO)
) (/usr/local/texlive/2023/texmf-dist/tex/generic/iftex/iftex.sty
Package: iftex 2022/02/03 v1.0f TeX engine tests
) (/usr/local/texlive/2023/texmf-dist/tex/generic/pdftexcmds/pdftexcmds.sty
Package: pdftexcmds 2020-06-27 v0.33 Utility functions of pdfTeX for LuaTeX (HO)
 (/usr/local/texlive/2023/texmf-dist/tex/generic/infwarerr/infwarerr.sty
Package: infwarerr 2019/12/03 v1.5 Providing info/warning/error messages (HO)
)
Package pdftexcmds Info: \pdf@primitive is available.
Package pdftexcmds Info: \pdf@ifprimitive is available.
Package pdftexcmds Info: \pdfdraftmode found.
) (/usr/local/texlive/2023/texmf-dist/tex/latex/kvsetkeys/kvsetkeys.sty
Package: kvsetkeys 2022-10-05 v1.19 Key value parser (HO)
) (/usr/local/texlive/2023/texmf-dist/tex/generic/kvdefinekeys/kvdefinekeys.sty
Package: kvdefinekeys 2019-12-19 v1.6 Define keys (HO)
) (/usr/local/texlive/2023/texmf-dist/tex/generic/pdfescape/pdfescape.sty
Package: pdfescape 2019/12/09 v1.15 Implements pdfTeX's escape features (HO)
) (/usr/local/texlive/2023/texmf-dist/tex/latex/hycolor/hycolor.sty
Package: hycolor 2020-01-27 v1.10 Color options for hyperref/bookmark (HO)
) (/usr/local/texlive/2023/texmf-dist/tex/latex/letltxmacro/letltxmacro.sty
Package: letltxmacro 2019/12/03 v1.6 Let assignment for LaTeX macros (HO)
) (/usr/local/texlive/2023/texmf-dist/tex/latex/auxhook/auxhook.sty
Package: auxhook 2019-12-17 v1.6 Hooks for auxiliary files (HO)
) (/usr/local/texlive/2023/texmf-dist/tex/latex/hyperref/nameref.sty
Package: nameref 2022-05-17 v2.50 Cross-referencing by name of section
 (/usr/local/texlive/2023/texmf-dist/tex/latex/refcount/refcount.sty
Package: refcount 2019/12/15 v3.6 Data extraction from label references (HO)
) (/usr/local/texlive/2023/texmf-dist/tex/generic/gettitlestring/gettitlestring.sty
Package: gettitlestring 2019/12/15 v1.6 Cleanup title references (HO)
 (/usr/local/texlive/2023/texmf-dist/tex/latex/kvoptions/kvoptions.sty
Package: kvoptions 2022-06-15 v3.15 Key value format for package options (HO)
))
\c@section@level=\count276
)
\@linkdim=\dimen154
\Hy@linkcounter=\count277
\Hy@pagecounter=\count278
 (/usr/local/texlive/2023/texmf-dist/tex/latex/hyperref/pd1enc.def
File: pd1enc.def 2023-02-07 v7.00v Hyperref: PDFDocEncoding definition (HO)
Now handling font encoding PD1 ...
... no UTF-8 mapping file for font encoding PD1
) (/usr/local/texlive/2023/texmf-dist/tex/generic/intcalc/intcalc.sty
Package: intcalc 2019/12/15 v1.3 Expandable calculations with integers (HO)
) (/usr/local/texlive/2023/texmf-dist/tex/generic/etexcmds/etexcmds.sty
Package: etexcmds 2019/12/15 v1.7 Avoid name clashes with e-TeX commands (HO)
)
\Hy@SavedSpaceFactor=\count279
 (/usr/local/texlive/2023/texmf-dist/tex/latex/hyperref/puenc.def
File: puenc.def 2023-02-07 v7.00v Hyperref: PDF Unicode definition (HO)
Now handling font encoding PU ...
... no UTF-8 mapping file for font encoding PU
)
Package hyperref Info: Hyper figures OFF on input line 4177.
Package hyperref Info: Link nesting OFF on input line 4182.
Package hyperref Info: Hyper index ON on input line 4185.
Package hyperref Info: Plain pages OFF on input line 4192.
Package hyperref Info: Backreferencing OFF on input line 4197.
Package hyperref Info: Implicit mode ON; LaTeX internals redefined.
Package hyperref Info: Bookmarks ON on input line 4425.
\c@Hy@tempcnt=\count280
LaTeX Info: Redefining \url on input line 4763.
\XeTeXLinkMargin=\dimen155
 (/usr/local/texlive/2023/texmf-dist/tex/generic/bitset/bitset.sty
Package: bitset 2019/12/09 v1.3 Handle bit-vector datatype (HO)
 (/usr/local/texlive/2023/texmf-dist/tex/generic/bigintcalc/bigintcalc.sty
Package: bigintcalc 2019/12/15 v1.5 Expandable calculations on big integers (HO)
))
\Fld@menulength=\count281
\Field@Width=\dimen156
\Fld@charsize=\dimen157
Package hyperref Info: Hyper figures OFF on input line 6042.
Package hyperref Info: Link nesting OFF on input line 6047.
Package hyperref Info: Hyper index ON on input line 6050.
Package hyperref Info: backreferencing OFF on input line 6057.
Package hyperref Info: Link coloring OFF on input line 6062.
Package hyperref Info: Link coloring with OCG OFF on input line 6067.
Package hyperref Info: PDF/A mode OFF on input line 6072.
 (/usr/local/texlive/2023/texmf-dist/tex/latex/base/atbegshi-ltx.sty
Package: atbegshi-ltx 2021/01/10 v1.0c Emulation of the original atbegshi
package with kernel methods
)
\Hy@abspage=\count282
\c@Item=\count283
\c@Hfootnote=\count284
)
Package hyperref Info: Driver (autodetected): hpdftex.
 (/usr/local/texlive/2023/texmf-dist/tex/latex/hyperref/hpdftex.def
File: hpdftex.def 2023-02-07 v7.00v Hyperref driver for pdfTeX
 (/usr/local/texlive/2023/texmf-dist/tex/latex/base/atveryend-ltx.sty
Package: atveryend-ltx 2020/08/19 v1.0a Emulation of the original atveryend package
with kernel methods
)
\Fld@listcount=\count285
\c@bookmark@seq@number=\count286
 (/usr/local/texlive/2023/texmf-dist/tex/latex/rerunfilecheck/rerunfilecheck.sty
Package: rerunfilecheck 2022-07-10 v1.10 Rerun checks for auxiliary files (HO)
 (/usr/local/texlive/2023/texmf-dist/tex/generic/uniquecounter/uniquecounter.sty
Package: uniquecounter 2019/12/15 v1.4 Provide unlimited unique counter (HO)
)
Package uniquecounter Info: New unique counter `rerunfilecheck' on input line 285.
)
\Hy@SectionHShift=\skip55
) (/usr/local/texlive/2023/texmf-dist/tex/latex/amsmath/amsmath.sty
Package: amsmath 2022/04/08 v2.17n AMS math features
\@mathmargin=\skip56

For additional information on amsmath, use the `?' option.
(/usr/local/texlive/2023/texmf-dist/tex/latex/amsmath/amstext.sty
Package: amstext 2021/08/26 v2.01 AMS text
 (/usr/local/texlive/2023/texmf-dist/tex/latex/amsmath/amsgen.sty
File: amsgen.sty 1999/11/30 v2.0 generic functions
\@emptytoks=\toks24
\ex@=\dimen158
)) (/usr/local/texlive/2023/texmf-dist/tex/latex/amsmath/amsbsy.sty
Package: amsbsy 1999/11/29 v1.2d Bold Symbols
\pmbraise@=\dimen159
) (/usr/local/texlive/2023/texmf-dist/tex/latex/amsmath/amsopn.sty
Package: amsopn 2022/04/08 v2.04 operator names
)
\inf@bad=\count287
LaTeX Info: Redefining \frac on input line 234.
\uproot@=\count288
\leftroot@=\count289
LaTeX Info: Redefining \overline on input line 399.
LaTeX Info: Redefining \colon on input line 410.
\classnum@=\count290
\DOTSCASE@=\count291
LaTeX Info: Redefining \ldots on input line 496.
LaTeX Info: Redefining \dots on input line 499.
LaTeX Info: Redefining \cdots on input line 620.
\Mathstrutbox@=\box57
\strutbox@=\box58
LaTeX Info: Redefining \big on input line 722.
LaTeX Info: Redefining \Big on input line 723.
LaTeX Info: Redefining \bigg on input line 724.
LaTeX Info: Redefining \Bigg on input line 725.
\big@size=\dimen160
LaTeX Font Info:    Redeclaring font encoding OML on input line 743.
LaTeX Font Info:    Redeclaring font encoding OMS on input line 744.
\macc@depth=\count292
LaTeX Info: Redefining \bmod on input line 905.
LaTeX Info: Redefining \pmod on input line 910.
LaTeX Info: Redefining \smash on input line 940.
LaTeX Info: Redefining \relbar on input line 970.
LaTeX Info: Redefining \Relbar on input line 971.
\c@MaxMatrixCols=\count293
\dotsspace@=\muskip17
\c@parentequation=\count294
\dspbrk@lvl=\count295
\tag@help=\toks25
\row@=\count296
\column@=\count297
\maxfields@=\count298
\andhelp@=\toks26
\eqnshift@=\dimen161
\alignsep@=\dimen162
\tagshift@=\dimen163
\tagwidth@=\dimen164
\totwidth@=\dimen165
\lineht@=\dimen166
\@envbody=\toks27
\multlinegap=\skip57
\multlinetaggap=\skip58
\mathdisplay@stack=\toks28
LaTeX Info: Redefining \[ on input line 2953.
LaTeX Info: Redefining \] on input line 2954.
) (/usr/local/texlive/2023/texmf-dist/tex/latex/caption/subcaption.sty
Package: subcaption 2023/02/19 v1.6 Sub-captions (AR)
 (/usr/local/texlive/2023/texmf-dist/tex/latex/caption/caption.sty
Package: caption 2023/03/12 v3.6j Customizing captions (AR)
 (/usr/local/texlive/2023/texmf-dist/tex/latex/caption/caption3.sty
Package: caption3 2023/03/12 v2.4 caption3 kernel (AR)
\caption@tempdima=\dimen167
\captionmargin=\dimen168
\caption@leftmargin=\dimen169
\caption@rightmargin=\dimen170
\caption@width=\dimen171
\caption@indent=\dimen172
\caption@parindent=\dimen173
\caption@hangindent=\dimen174
Package caption Info: Standard document class detected.
)
\c@caption@flags=\count299
\c@continuedfloat=\count300
Package caption Info: float package is loaded.
Package caption Info: hyperref package is loaded.
Package caption Info: listings package is loaded.
)
Package caption Info: New subtype `subfigure' on input line 239.
\c@subfigure=\count301
Package caption Info: New subtype `subtable' on input line 239.
\c@subtable=\count302
) (/usr/local/texlive/2023/texmf-dist/tex/latex/multirow/multirow.sty
Package: multirow 2021/03/15 v2.8 Span multiple rows of a table
\multirow@colwidth=\skip59
\multirow@cntb=\count303
\multirow@dima=\skip60
\bigstrutjot=\dimen175
) (/usr/local/texlive/2023/texmf-dist/tex/latex/colortbl/colortbl.sty
Package: colortbl 2022/06/20 v1.0f Color table columns (DPC)
 (/usr/local/texlive/2023/texmf-dist/tex/latex/tools/array.sty
Package: array 2022/09/04 v2.5g Tabular extension package (FMi)
\col@sep=\dimen176
\ar@mcellbox=\box59
\extrarowheight=\dimen177
\NC@list=\toks29
\extratabsurround=\skip61
\backup@length=\skip62
\ar@cellbox=\box60
)
\everycr=\toks30
\minrowclearance=\skip63
\rownum=\count304
) (/usr/local/texlive/2023/texmf-dist/tex/latex/diagbox/diagbox.sty
Package: diagbox 2020/02/09 v2.3 Making table heads with diagonal lines
 (/usr/local/texlive/2023/texmf-dist/tex/latex/pict2e/pict2e.sty
Package: pict2e 2020/09/30 v0.4b Improved picture commands (HjG,RN,JT)
 (/usr/local/texlive/2023/texmf-dist/tex/latex/pict2e/pict2e.cfg
File: pict2e.cfg 2016/02/05 v0.1u pict2e configuration for teTeX/TeXLive
)
Package pict2e Info: Driver file: pdftex.def on input line 112.
Package pict2e Info: Driver file for pict2e: p2e-pdftex.def on input line 114.
 (/usr/local/texlive/2023/texmf-dist/tex/latex/pict2e/p2e-pdftex.def
File: p2e-pdftex.def 2016/02/05 v0.1u Driver-dependant file (RN,HjG,JT)
)
\pIIe@GRAPH=\toks31
\@arclen=\dimen178
\@arcrad=\dimen179
\pIIe@tempdima=\dimen180
\pIIe@tempdimb=\dimen181
\pIIe@tempdimc=\dimen182
\pIIe@tempdimd=\dimen183
\pIIe@tempdime=\dimen184
\pIIe@tempdimf=\dimen185
)
\diagbox@boxa=\box61
\diagbox@boxb=\box62
\diagbox@boxm=\box63
\diagbox@wd=\dimen186
\diagbox@ht=\dimen187
\diagbox@insepl=\dimen188
\diagbox@insepr=\dimen189
\diagbox@outsepl=\dimen190
\diagbox@outsepr=\dimen191
) (/usr/local/texlive/2023/texmf-dist/tex/latex/datetime/datetime.sty
Package: datetime 2015/03/20 v2.60 Date Time Package
 (/usr/local/texlive/2023/texmf-dist/tex/latex/etoolbox/etoolbox.sty
Package: etoolbox 2020/10/05 v2.5k e-TeX tools for LaTeX (JAW)
\etb@tempcnta=\count305
) (/usr/local/texlive/2023/texmf-dist/tex/latex/fmtcount/fmtcount.sty
Package: fmtcount 2020/01/30 v3.07
 (/usr/local/texlive/2023/texmf-dist/tex/latex/xkeyval/xkeyval.sty
Package: xkeyval 2022/06/16 v2.9 package option processing (HA)
 (/usr/local/texlive/2023/texmf-dist/tex/generic/xkeyval/xkeyval.tex (/usr/local/texlive/2023/texmf-dist/tex/generic/xkeyval/xkvutils.tex
\XKV@toks=\toks32
\XKV@tempa@toks=\toks33
)
\XKV@depth=\count306
File: xkeyval.tex 2014/12/03 v2.7a key=value parser (HA)
)) (/usr/local/texlive/2023/texmf-dist/tex/latex/fmtcount/fcprefix.sty
Package: fcprefix 2012/09/28
 (/usr/local/texlive/2023/texmf-dist/tex/latex/fmtcount/fcnumparser.sty
Package: fcnumparser 2017/06/15
\fc@digit@counter=\count307
))
\c@padzeroesN=\count308
\fc@tmpcatcode=\count309
\@DT@modctr=\count310
\@ordinalctr=\count311
\@orgargctr=\count312
\@strctr=\count313
\@tmpstrctr=\count314
\@DT@loopN=\count315
\@DT@X=\count316
) (/usr/local/texlive/2023/texmf-dist/tex/latex/datetime/datetime-defaults.sty
Package: datetime-defaults 2013/09/10
)
\@day=\count317
\@month=\count318
\@year=\count319
\c@HOUR=\count320
\c@HOURXII=\count321
\c@MINUTE=\count322
\c@TOHOUR=\count323
\c@TOMINUTE=\count324
\c@SECOND=\count325
\currenthour=\count326
\currentminute=\count327
\currentsecond=\count328
Package datetime Info: No datetime.cfg file found, using default settings on input line 308.
\@dtctr=\count329
\dayofyear=\count330
\dayofweek=\count331
LaTeX Info: Redefining \today on input line 736.
\dt@a=\toks34
\dt@b=\toks35
) (/usr/local/texlive/2023/texmf-dist/tex/latex/wrapfig/wrapfig.sty
\wrapoverhang=\dimen192
\WF@size=\dimen193
\c@WF@wrappedlines=\count332
\WF@box=\box64
\WF@everypar=\toks36
Package: wrapfig 2003/01/31  v 3.6
) (/usr/local/texlive/2023/texmf-dist/tex/latex/l3backend/l3backend-pdftex.def
File: l3backend-pdftex.def 2023-01-16 L3 backend support: PDF output (pdfTeX)
\l__color_backend_stack_int=\count333
\l__pdf_internal_box=\box65
) (./Thesis.aux

LaTeX Warning: Label `fig:my_picture' multiply defined.


LaTeX Warning: Label `fig:my_picture' multiply defined.


LaTeX Warning: Label `fig:Dense' multiply defined.


LaTeX Warning: Label `sub@fig:Dense' multiply defined.


LaTeX Warning: Label `fig:Conv2D Transpose' multiply defined.


LaTeX Warning: Label `sub@fig:Conv2D Transpose' multiply defined.


LaTeX Warning: Label `fig:combined' multiply defined.


LaTeX Warning: Label `fig:Dense' multiply defined.


LaTeX Warning: Label `sub@fig:Dense' multiply defined.


LaTeX Warning: Label `fig:combined' multiply defined.


LaTeX Warning: Label `fig:Dense' multiply defined.


LaTeX Warning: Label `sub@fig:Dense' multiply defined.


LaTeX Warning: Label `fig:Conv2DTranspose' multiply defined.


LaTeX Warning: Label `sub@fig:Conv2DTranspose' multiply defined.


LaTeX Warning: Label `fig:combined' multiply defined.


LaTeX Warning: Label `fig:Dense' multiply defined.


LaTeX Warning: Label `sub@fig:Dense' multiply defined.


LaTeX Warning: Label `fig:Conv2DTranspose' multiply defined.


LaTeX Warning: Label `sub@fig:Conv2DTranspose' multiply defined.


LaTeX Warning: Label `fig:combined' multiply defined.


LaTeX Warning: Label `fig:Dense' multiply defined.


LaTeX Warning: Label `sub@fig:Dense' multiply defined.


LaTeX Warning: Label `fig:Conv2DTranspose' multiply defined.


LaTeX Warning: Label `sub@fig:Conv2DTranspose' multiply defined.


LaTeX Warning: Label `fig:Conv2DTranspose' multiply defined.


LaTeX Warning: Label `sub@fig:Conv2DTranspose' multiply defined.


LaTeX Warning: Label `fig:combined' multiply defined.


LaTeX Warning: Label `fig:Dense' multiply defined.


LaTeX Warning: Label `sub@fig:Dense' multiply defined.


LaTeX Warning: Label `fig:Conv2DTranspose' multiply defined.


LaTeX Warning: Label `sub@fig:Conv2DTranspose' multiply defined.


LaTeX Warning: Label `fig:Conv2DTranspose' multiply defined.


LaTeX Warning: Label `sub@fig:Conv2DTranspose' multiply defined.


LaTeX Warning: Label `fig:combined' multiply defined.


LaTeX Warning: Label `fig:Dense' multiply defined.


LaTeX Warning: Label `sub@fig:Dense' multiply defined.


LaTeX Warning: Label `fig:Conv2DTranspose' multiply defined.


LaTeX Warning: Label `sub@fig:Conv2DTranspose' multiply defined.


LaTeX Warning: Label `fig:Conv2DTranspose' multiply defined.


LaTeX Warning: Label `sub@fig:Conv2DTranspose' multiply defined.


LaTeX Warning: Label `fig:combined' multiply defined.


LaTeX Warning: Label `fig:Dense' multiply defined.


LaTeX Warning: Label `sub@fig:Dense' multiply defined.


LaTeX Warning: Label `fig:Conv2DTranspose' multiply defined.


LaTeX Warning: Label `sub@fig:Conv2DTranspose' multiply defined.


LaTeX Warning: Label `fig:Conv2DTranspose' multiply defined.


LaTeX Warning: Label `sub@fig:Conv2DTranspose' multiply defined.


LaTeX Warning: Label `fig:combined' multiply defined.

)
\openout1 = `Thesis.aux'.

LaTeX Font Info:    Checking defaults for OML/cmm/m/it on input line 45.
LaTeX Font Info:    ... okay on input line 45.
LaTeX Font Info:    Checking defaults for OMS/cmsy/m/n on input line 45.
LaTeX Font Info:    ... okay on input line 45.
LaTeX Font Info:    Checking defaults for OT1/cmr/m/n on input line 45.
LaTeX Font Info:    ... okay on input line 45.
LaTeX Font Info:    Checking defaults for T1/cmr/m/n on input line 45.
LaTeX Font Info:    ... okay on input line 45.
LaTeX Font Info:    Checking defaults for TS1/cmr/m/n on input line 45.
LaTeX Font Info:    ... okay on input line 45.
LaTeX Font Info:    Checking defaults for OMX/cmex/m/n on input line 45.
LaTeX Font Info:    ... okay on input line 45.
LaTeX Font Info:    Checking defaults for U/cmr/m/n on input line 45.
LaTeX Font Info:    ... okay on input line 45.
LaTeX Font Info:    Checking defaults for PD1/pdf/m/n on input line 45.
LaTeX Font Info:    ... okay on input line 45.
LaTeX Font Info:    Checking defaults for PU/pdf/m/n on input line 45.
LaTeX Font Info:    ... okay on input line 45.
 (/usr/local/texlive/2023/texmf-dist/tex/context/base/mkii/supp-pdf.mkii
[Loading MPS to PDF converter (version 2006.09.02).]
\scratchcounter=\count334
\scratchdimen=\dimen194
\scratchbox=\box66
\nofMPsegments=\count335
\nofMParguments=\count336
\everyMPshowfont=\toks37
\MPscratchCnt=\count337
\MPscratchDim=\dimen195
\MPnumerator=\count338
\makeMPintoPDFobject=\count339
\everyMPtoPDFconversion=\toks38
) (/usr/local/texlive/2023/texmf-dist/tex/latex/epstopdf-pkg/epstopdf-base.sty
Package: epstopdf-base 2020-01-24 v2.11 Base part for package epstopdf
Package epstopdf-base Info: Redefining graphics rule for `.eps' on input line 485.
 (/usr/local/texlive/2023/texmf-dist/tex/latex/latexconfig/epstopdf-sys.cfg
File: epstopdf-sys.cfg 2010/07/13 v1.3 Configuration of (r)epstopdf for TeX Live
)) (/usr/local/texlive/2023/texmf-dist/tex/latex/pdflscape/pdflscape.sty
Package: pdflscape 2022-10-27 v0.13 Display of landscape pages in PDF
 (/usr/local/texlive/2023/texmf-dist/tex/latex/pdflscape/pdflscape-nometadata.sty
Package: pdflscape-nometadata 2022-10-28 v0.13 Display of landscape pages in PDF (HO)
Package pdflscape Info: Auto-detected driver: pdftex on input line 81.
))
\c@lstlisting=\count340
Package hyperref Info: Link coloring OFF on input line 45.
 (./Thesis.out) (./Thesis.out)
\@outlinefile=\write3
\openout3 = `Thesis.out'.

Package caption Info: Begin \AtBeginDocument code.
Package caption Info: wrapfig package is loaded.
Package caption Info: End \AtBeginDocument code.
 (/usr/local/texlive/2023/texmf-dist/tex/latex/fmtcount/fc-english.def
File: fc-english.def 2016/01/12
)
<Images/UCC_logo.png, id=108, 196.0926pt x 211.2693pt>
File: Images/UCC_logo.png Graphic file (type png)
<use Images/UCC_logo.png>
Package pdftex.def Info: Images/UCC_logo.png  used on input line 56.
(pdftex.def)             Requested size: 137.26387pt x 147.8875pt.
 [1

{/usr/local/texlive/2023/texmf-var/fonts/map/pdftex/updmap/pdftex.map} <./Images/UCC_logo.png>]
pdfTeX warning (ext4): destination with the same identifier (name{page.1}) has been already used, duplicate ignored
<to be read again> 
                   \relax 
l.95 \chapter
             *{Acknowledgements} [1

] [2

]
pdfTeX warning (ext4): destination with the same identifier (name{page.1}) has been already used, duplicate ignored
<to be read again> 
                   \relax 
l.124 \end{abstract}
                     [1] (./Thesis.toc
LaTeX Font Info:    Trying to load font information for U+msa on input line 3.
 (/usr/local/texlive/2023/texmf-dist/tex/latex/amsfonts/umsa.fd
File: umsa.fd 2013/01/14 v3.01 AMS symbols A
)
LaTeX Font Info:    Trying to load font information for U+msb on input line 3.
 (/usr/local/texlive/2023/texmf-dist/tex/latex/amsfonts/umsb.fd
File: umsb.fd 2013/01/14 v3.01 AMS symbols B
)
Overfull \hbox (5.96825pt too wide) in paragraph at lines 10--10
 [][] [][]\OT1/cmr/m/n/12 Mathematical For-mu-la-tion Changes Dur-ing GAN Train- 
 []


pdfTeX warning (ext4): destination with the same identifier (name{page.1}) has been already used, duplicate ignored
<to be read again> 
                   \relax 
l.22 ...ata Augmentation Effects}{34}{section.5.3}
                                                  % [1

])
\tf@toc=\write4
\openout4 = `Thesis.toc'.


pdfTeX warning (ext4): destination with the same identifier (name{page.2}) has been already used, duplicate ignored
<to be read again> 
                   \relax 
l.128 \listoffigures
                    {} [2] (./Thesis.lof)
\tf@lof=\write5
\openout5 = `Thesis.lof'.

 [3

] (./01_Introduction.tex
Chapter 1.
[4

]) [5{/usr/local/texlive/2023/texmf-dist/fonts/enc/dvips/cm-super/cm-super-ts1.enc}] (./02_Related_Work.tex
Chapter 2.

Overfull \hbox (3.03342pt too wide) in paragraph at lines 5--8
\OT1/cmr/m/n/12 to the de-vel-op-ment of gen-er-a-tive mod-el-ing by in-tro-duc-ing dif-fer-ent ap-proaches
 []

[6

] [7] [8]) [9] (./03_Theoretical_Background.tex
Chapter 3.
[10

] [11]
Overfull \hbox (1.24834pt too wide) in paragraph at lines 86--91
\OT1/cmr/m/n/12 Since, when the dis-crim-i-na-tor $\OML/cmm/m/it/12 D$ \OT1/cmr/m/n/12 is strong, the gra-di-ent of the $\OML/cmm/m/it/12 log\OT1/cmr/m/n/12 (1 \OMS/cmsy/m/n/12 ^^@ \OML/cmm/m/it/12 D\OT1/cmr/m/n/12 (\OML/cmm/m/it/12 G\OT1/cmr/m/n/12 (\OML/cmm/m/it/12 z\OT1/cmr/m/n/12 )))$
 []

[12]
<./Images/data_distribution.jpg, id=317, 1025.8325pt x 332.24126pt>
File: ./Images/data_distribution.jpg Graphic file (type jpg)
<use ./Images/data_distribution.jpg>
Package pdftex.def Info: ./Images/data_distribution.jpg  used on input line 118.
(pdftex.def)             Requested size: 467.99881pt x 151.57556pt.

Overfull \hbox (77.99881pt too wide) in paragraph at lines 118--119
 [][] 
 []

[13 <./Images/data_distribution.jpg>]
Overfull \hbox (4.18121pt too wide) in paragraph at lines 152--152
[]\OT1/cmr/bx/n/14.4 Mathematical For-mu-la-tion Changes Dur-ing GAN
 []

[14] [15]
Overfull \hbox (56.78545pt too wide) detected at line 259
[][][]\OML/cmm/m/it/12 V\OT1/cmr/m/n/12 (\OML/cmm/m/it/12 D[]; G\OT1/cmr/m/n/12 ) = [] [] \OML/cmm/m/it/12 dx:
 []

[16]
Overfull \hbox (36.2439pt too wide) detected at line 271
[][][]\OML/cmm/m/it/12 V\OT1/cmr/m/n/12 (\OML/cmm/m/it/12 D[]; G\OT1/cmr/m/n/12 ) = [] [] \OML/cmm/m/it/12 dx:
 []

[17]
Overfull \hbox (26.97583pt too wide) in paragraph at lines 330--330
[]\OT1/cmr/bx/n/17.28 Limitations of Ac-cu-racy in Eval-u-at-ing GANs 
 []

[18]
<./Images/model_accuracy.jpg, id=378, 1089.06876pt x 369.38pt>
File: ./Images/model_accuracy.jpg Graphic file (type jpg)
<use ./Images/model_accuracy.jpg>
Package pdftex.def Info: ./Images/model_accuracy.jpg  used on input line 342.
(pdftex.def)             Requested size: 467.99881pt x 158.72884pt.

Overfull \hbox (77.99881pt too wide) in paragraph at lines 342--343
 [][] 
 []

<./Images/generate_images.jpg, id=379, 920.43875pt x 250.9375pt>
File: ./Images/generate_images.jpg Graphic file (type jpg)
<use ./Images/generate_images.jpg>
Package pdftex.def Info: ./Images/generate_images.jpg  used on input line 349.
(pdftex.def)             Requested size: 467.99881pt x 127.59352pt.

Overfull \hbox (77.99881pt too wide) in paragraph at lines 349--350
 [][] 
 []

) [19 <./Images/model_accuracy.jpg> <./Images/generate_images.jpg>] [20] (./04_Experiments.tex
Chapter 4.
[21

] [22]
<./Images/generator_dense.jpg, id=403, 725.71124pt x 689.57625pt>
File: ./Images/generator_dense.jpg Graphic file (type jpg)
<use ./Images/generator_dense.jpg>
Package pdftex.def Info: ./Images/generator_dense.jpg  used on input line 59.
(pdftex.def)             Requested size: 175.49881pt x 166.7538pt.
<./Images/generator_cnn.jpg, id=404, 746.79pt x 735.74875pt>
File: ./Images/generator_cnn.jpg Graphic file (type jpg)
<use ./Images/generator_cnn.jpg>
Package pdftex.def Info: ./Images/generator_cnn.jpg  used on input line 66.
(pdftex.def)             Requested size: 175.49881pt x 172.90097pt.
<./Images/discriminator_dense.jpg, id=405, 749.80125pt x 495.8525pt>
File: ./Images/discriminator_dense.jpg Graphic file (type jpg)
<use ./Images/discriminator_dense.jpg>
Package pdftex.def Info: ./Images/discriminator_dense.jpg  used on input line 79.
(pdftex.def)             Requested size: 175.49881pt x 116.05624pt.
<./Images/discriminator_cnn.jpg, id=406, 728.7225pt x 489.83pt>
File: ./Images/discriminator_cnn.jpg Graphic file (type jpg)
<use ./Images/discriminator_cnn.jpg>
Package pdftex.def Info: ./Images/discriminator_cnn.jpg  used on input line 86.
(pdftex.def)             Requested size: 175.49881pt x 117.9652pt.
<./Images/generate_image_by_dense_layer.jpg, id=407, 612.2875pt x 121.45375pt>
File: ./Images/generate_image_by_dense_layer.jpg Graphic file (type jpg)
<use ./Images/generate_image_by_dense_layer.jpg>
Package pdftex.def Info: ./Images/generate_image_by_dense_layer.jpg  used on input line 99.
(pdftex.def)             Requested size: 272.99881pt x 54.15144pt.
<./Images/generate_image_by_Convolution_layer.jpg, id=408, 615.29875pt x 134.5025pt>
File: ./Images/generate_image_by_Convolution_layer.jpg Graphic file (type jpg)
<use ./Images/generate_image_by_Convolution_layer.jpg>
Package pdftex.def Info: ./Images/generate_image_by_Convolution_layer.jpg  used on input line 106.
(pdftex.def)             Requested size: 272.99881pt x 59.67793pt.
 [23 <./Images/generator_dense.jpg> <./Images/generator_cnn.jpg> <./Images/discriminator_dense.jpg> <./Images/discriminator_cnn.jpg>]
<./Images/fid_score_for_dense_layer.jpg, id=417, 1132.23pt x 563.10374pt>
File: ./Images/fid_score_for_dense_layer.jpg Graphic file (type jpg)
<use ./Images/fid_score_for_dense_layer.jpg>
Package pdftex.def Info: ./Images/fid_score_for_dense_layer.jpg  used on input line 118.
(pdftex.def)             Requested size: 272.99881pt x 135.7663pt.
<./Images/fid_score_for_convolution_layer.jpg, id=418, 1117.17375pt x 570.13pt>
File: ./Images/fid_score_for_convolution_layer.jpg Graphic file (type jpg)
<use ./Images/fid_score_for_convolution_layer.jpg>
Package pdftex.def Info: ./Images/fid_score_for_convolution_layer.jpg  used on input line 125.
(pdftex.def)             Requested size: 272.99881pt x 139.31334pt.
 [24 <./Images/generate_image_by_dense_layer.jpg> <./Images/generate_image_by_Convolution_layer.jpg> <./Images/fid_score_for_dense_layer.jpg> <./Images/fid_score_for_convolution_layer.jpg>]

LaTeX Warning: `!h' float specifier changed to `!ht'.

<./Images/generate_image_by_convolution_layer.jpg, id=429, 615.29875pt x 134.5025pt>
File: ./Images/generate_image_by_convolution_layer.jpg Graphic file (type jpg)
<use ./Images/generate_image_by_convolution_layer.jpg>
Package pdftex.def Info: ./Images/generate_image_by_convolution_layer.jpg  used on input line 198.
(pdftex.def)             Requested size: 272.99881pt x 59.67793pt.
<./Images/both_generator_and_discrimminator_are_add_3_layers.jpg, id=430, 504.88625pt x 103.38625pt>
File: ./Images/both_generator_and_discrimminator_are_add_3_layers.jpg Graphic file (type jpg)
<use ./Images/both_generator_and_discrimminator_are_add_3_layers.jpg>
Package pdftex.def Info: ./Images/both_generator_and_discrimminator_are_add_3_layers.jpg  used on input line 205.
(pdftex.def)             Requested size: 272.99881pt x 55.90187pt.
[25]
<./Images/standard_GAN_without_data_augementation1.jpg, id=437, 1132.23pt x 564.1075pt>
File: ./Images/standard_GAN_without_data_augementation1.jpg Graphic file (type jpg)
<use ./Images/standard_GAN_without_data_augementation1.jpg>
Package pdftex.def Info: ./Images/standard_GAN_without_data_augementation1.jpg  used on input line 224.
(pdftex.def)             Requested size: 312.00119pt x 155.44421pt.
<./Images/standard_GAN_without_data_augementation2.jpg, id=438, 1165.35374pt x 575.14874pt>
File: ./Images/standard_GAN_without_data_augementation2.jpg Graphic file (type jpg)
<use ./Images/standard_GAN_without_data_augementation2.jpg>
Package pdftex.def Info: ./Images/standard_GAN_without_data_augementation2.jpg  used on input line 231.
(pdftex.def)             Requested size: 312.00119pt x 153.9846pt.
<./Images/standard_GAN_without_data_augementation3.jpg, id=439, 1172.38pt x 576.1525pt>
File: ./Images/standard_GAN_without_data_augementation3.jpg Graphic file (type jpg)
<use ./Images/standard_GAN_without_data_augementation3.jpg>
Package pdftex.def Info: ./Images/standard_GAN_without_data_augementation3.jpg  used on input line 237.
(pdftex.def)             Requested size: 312.00119pt x 153.32144pt.
 [26 <./Images/generate_image_by_convolution_layer.jpg> <./Images/both_generator_and_discrimminator_are_add_3_layers.jpg>]
<./Images/standard_GAN_with_data_augementation1.jpg, id=447, 1094.0875pt x 569.12625pt>
File: ./Images/standard_GAN_with_data_augementation1.jpg Graphic file (type jpg)
<use ./Images/standard_GAN_with_data_augementation1.jpg>
Package pdftex.def Info: ./Images/standard_GAN_with_data_augementation1.jpg  used on input line 250.
(pdftex.def)             Requested size: 327.59857pt x 170.4092pt.
<./Images/standard_GAN_with_data_augementation2.jpg, id=448, 1175.39125pt x 562.1pt>
File: ./Images/standard_GAN_with_data_augementation2.jpg Graphic file (type jpg)
<use ./Images/standard_GAN_with_data_augementation2.jpg>
Package pdftex.def Info: ./Images/standard_GAN_with_data_augementation2.jpg  used on input line 257.
(pdftex.def)             Requested size: 312.00119pt x 149.20451pt.
<./Images/standard_GAN_with_data_augementation3.jpg, id=449, 1152.305pt x 566.115pt>
File: ./Images/standard_GAN_with_data_augementation3.jpg Graphic file (type jpg)
<use ./Images/standard_GAN_with_data_augementation3.jpg>
Package pdftex.def Info: ./Images/standard_GAN_with_data_augementation3.jpg  used on input line 263.
(pdftex.def)             Requested size: 312.00119pt x 153.285pt.
 [27 <./Images/standard_GAN_without_data_augementation1.jpg> <./Images/standard_GAN_without_data_augementation2.jpg> <./Images/standard_GAN_without_data_augementation3.jpg>] [28 <./Images/standard_GAN_with_data_augementation1.jpg> <./Images/standard_GAN_with_data_augementation2.jpg> <./Images/standard_GAN_with_data_augementation3.jpg>]
<./Images/data_augementation_remove_flip1.jpg, id=464, 1152.305pt x 565.11125pt>
File: ./Images/data_augementation_remove_flip1.jpg Graphic file (type jpg)
<use ./Images/data_augementation_remove_flip1.jpg>
Package pdftex.def Info: ./Images/data_augementation_remove_flip1.jpg  used on input line 296.
(pdftex.def)             Requested size: 327.59857pt x 160.66171pt.
<./Images/data_augementation_remove_flip2.jpg, id=465, 1166.3575pt x 566.115pt>
File: ./Images/data_augementation_remove_flip2.jpg Graphic file (type jpg)
<use ./Images/data_augementation_remove_flip2.jpg>
Package pdftex.def Info: ./Images/data_augementation_remove_flip2.jpg  used on input line 303.
(pdftex.def)             Requested size: 312.00119pt x 151.43642pt.
<./Images/data_augementation_remove_flip3.jpg, id=466, 1772.6225pt x 911.405pt>
File: ./Images/data_augementation_remove_flip3.jpg Graphic file (type jpg)
<use ./Images/data_augementation_remove_flip3.jpg>
Package pdftex.def Info: ./Images/data_augementation_remove_flip3.jpg  used on input line 309.
(pdftex.def)             Requested size: 312.00119pt x 160.4161pt.
 [29]
<./Images/data_augementation_remove_rotation1.jpg, id=472, 908.39375pt x 432.61626pt>
File: ./Images/data_augementation_remove_rotation1.jpg Graphic file (type jpg)
<use ./Images/data_augementation_remove_rotation1.jpg>
Package pdftex.def Info: ./Images/data_augementation_remove_rotation1.jpg  used on input line 322.
(pdftex.def)             Requested size: 327.59857pt x 156.01898pt.
<./Images/data_augementation_remove_rotation2.jpg, id=473, 889.3225pt x 454.69875pt>
File: ./Images/data_augementation_remove_rotation2.jpg Graphic file (type jpg)
<use ./Images/data_augementation_remove_rotation2.jpg>
Package pdftex.def Info: ./Images/data_augementation_remove_rotation2.jpg  used on input line 329.
(pdftex.def)             Requested size: 312.00119pt x 159.52159pt.
<./Images/data_augementation_remove_rotation3.jpg, id=474, 1872.9975pt x 915.42pt>
File: ./Images/data_augementation_remove_rotation3.jpg Graphic file (type jpg)
<use ./Images/data_augementation_remove_rotation3.jpg>
Package pdftex.def Info: ./Images/data_augementation_remove_rotation3.jpg  used on input line 335.
(pdftex.def)             Requested size: 312.00119pt x 152.49046pt.
 [30 <./Images/data_augementation_remove_flip1.jpg> <./Images/data_augementation_remove_flip2.jpg> <./Images/data_augementation_remove_flip3.jpg>]
Overfull \hbox (43.6337pt too wide) in paragraph at lines 344--344
[]\OT1/cmr/bx/n/17.28 Applying the Model An-i-mal Faces-HQ Dataset 
 []

[31 <./Images/data_augementation_remove_rotation1.jpg> <./Images/data_augementation_remove_rotation2.jpg> <./Images/data_augementation_remove_rotation3.jpg>]
<./Images/apply_new_dataset.jpg, id=487, 1086.0575pt x 1081.03876pt>
File: ./Images/apply_new_dataset.jpg Graphic file (type jpg)
<use ./Images/apply_new_dataset.jpg>
Package pdftex.def Info: ./Images/apply_new_dataset.jpg  used on input line 354.
(pdftex.def)             Requested size: 390.0pt x 388.20042pt.
) [32 <./Images/apply_new_dataset.jpg>] (./05_Discussion.tex
Chapter 5.
[33

] [34]) [35] (./Appendix.tex
Appendix A.
(/usr/local/texlive/2023/texmf-dist/tex/latex/listings/lstlang1.sty
File: lstlang1.sty 2023/02/27 1.9 listings language file
)
Package hyperref Info: bookmark level for unknown lstlisting defaults to 0 on input line 5.
 [36

] [37] [38] [39] [40] [41] [42] [43] [44] [45] [46] [47] [48] [49] [50] [51] [52] [53] [54] [55] [56] [57] [58] [59] [60] [61] [62] [63] [64] [65] [66] [67] [68] [69] [70] [71] [72] [73] [74] [75] [76] [77] [78] [79] [80] [81] [82] [83] [84] [85] [86] [87] [88] [89]) (./Thesis.bbl [90] [91

] [92] [93]) [94] (./Thesis.aux)

LaTeX Warning: There were multiply-defined labels.

Package rerunfilecheck Info: File `Thesis.out' has not changed.
(rerunfilecheck)             Checksum: 70FEC704CC28F5C265B25290AD448A08;5110.
 ) 
Here is how much of TeX's memory you used:
 18338 strings out of 476025
 298228 string characters out of 5790017
 2109388 words of memory out of 5000000
 36471 multiletter control sequences out of 15000+600000
 521674 words of font info for 66 fonts, out of 8000000 for 9000
 1141 hyphenation exceptions out of 8191
 75i,17n,100p,1055b,2249s stack positions out of 10000i,1000n,20000p,200000b,200000s
</usr/local/texlive/2023/texmf-dist/fonts/type1/public/amsfonts/cm/cmbx12.pfb></usr/local/texlive/2023/texmf-dist/fonts/type1/public/amsfonts/cm/cmex10.pfb></usr/local/texlive/2023/texmf-dist/fonts/type1/public/amsfonts/cm/cmmi12.pfb></usr/local/texlive/2023/texmf-dist/fonts/type1/public/amsfonts/cm/cmmi6.pfb></usr/local/texlive/2023/texmf-dist/fonts/type1/public/amsfonts/cm/cmmi8.pfb></usr/local/texlive/2023/texmf-dist/fonts/type1/public/amsfonts/cm/cmr10.pfb></usr/local/texlive/2023/texmf-dist/fonts/type1/public/amsfonts/cm/cmr12.pfb></usr/local/texlive/2023/texmf-dist/fonts/type1/public/amsfonts/cm/cmr17.pfb></usr/local/texlive/2023/texmf-dist/fonts/type1/public/amsfonts/cm/cmr6.pfb></usr/local/texlive/2023/texmf-dist/fonts/type1/public/amsfonts/cm/cmr8.pfb></usr/local/texlive/2023/texmf-dist/fonts/type1/public/amsfonts/cm/cmsy10.pfb></usr/local/texlive/2023/texmf-dist/fonts/type1/public/amsfonts/cm/cmsy8.pfb></usr/local/texlive/2023/texmf-dist/fonts/type1/public/amsfonts/cm/cmti12.pfb></usr/local/texlive/2023/texmf-dist/fonts/type1/public/amsfonts/cm/cmtt10.pfb></usr/local/texlive/2023/texmf-dist/fonts/type1/public/amsfonts/symbols/msbm10.pfb></usr/local/texlive/2023/texmf-dist/fonts/type1/public/cm-super/sfrm1200.pfb></usr/local/texlive/2023/texmf-dist/fonts/type1/public/cm-super/sfti1200.pfb>
Output written on Thesis.pdf (98 pages, 5387912 bytes).
PDF statistics:
 3074 PDF objects out of 3580 (max. 8388607)
 2861 compressed objects within 29 object streams
 2015 named destinations out of 2073 (max. 500000)
 344 words of extra memory for PDF output out of 10000 (max. 10000000)

